c:\users\administrator\documents\code\mediacode\opengleslearn\application\win32\wingl\debug\vc142.pdb
c:\users\administrator\documents\code\mediacode\opengleslearn\application\win32\wingl\debug\vc142.idb
c:\users\administrator\documents\code\mediacode\opengleslearn\application\win32\wingl\debug\wingl.obj
c:\users\administrator\documents\code\mediacode\opengleslearn\application\win32\wingl\debug\wingl.res
c:\users\administrator\documents\code\mediacode\opengleslearn\application\win32\wingl\debug\glpractice.idb
c:\users\administrator\documents\code\mediacode\opengleslearn\application\win32\wingl\debug\math.idb
c:\users\administrator\documents\code\mediacode\opengleslearn\application\win32\wingl\debug\glpractice.pdb
c:\users\administrator\documents\code\mediacode\opengleslearn\application\win32\wingl\debug\math.pdb
c:\users\administrator\documents\code\mediacode\opengleslearn\application\win32\wingl\debug\wingl.pdb
c:\users\administrator\documents\code\mediacode\opengleslearn\application\win32\wingl\debug\wingl.tlog\cl.command.1.tlog
c:\users\administrator\documents\code\mediacode\opengleslearn\application\win32\wingl\debug\wingl.tlog\cl.read.1.tlog
c:\users\administrator\documents\code\mediacode\opengleslearn\application\win32\wingl\debug\wingl.tlog\cl.write.1.tlog
c:\users\administrator\documents\code\mediacode\opengleslearn\application\win32\wingl\debug\wingl.tlog\link-cvtres.read.1.tlog
c:\users\administrator\documents\code\mediacode\opengleslearn\application\win32\wingl\debug\wingl.tlog\link-cvtres.write.1.tlog
c:\users\administrator\documents\code\mediacode\opengleslearn\application\win32\wingl\debug\wingl.tlog\link-rc.read.1.tlog
c:\users\administrator\documents\code\mediacode\opengleslearn\application\win32\wingl\debug\wingl.tlog\link-rc.write.1.tlog
c:\users\administrator\documents\code\mediacode\opengleslearn\application\win32\wingl\debug\wingl.tlog\link.command.1.tlog
c:\users\administrator\documents\code\mediacode\opengleslearn\application\win32\wingl\debug\wingl.tlog\link.read.1.tlog
c:\users\administrator\documents\code\mediacode\opengleslearn\application\win32\wingl\debug\wingl.tlog\link.write.1.tlog
c:\users\administrator\documents\code\mediacode\opengleslearn\application\win32\wingl\debug\wingl.tlog\rc.command.1.tlog
c:\users\administrator\documents\code\mediacode\opengleslearn\application\win32\wingl\debug\wingl.tlog\rc.read.1.tlog
c:\users\administrator\documents\code\mediacode\opengleslearn\application\win32\wingl\debug\wingl.tlog\rc.write.1.tlog
